<?xml version="1.0" encoding="UTF-8" ?>
<testsuite tests="2" failures="1" name="BaseHappyTest" time="25.008" errors="0" skipped="1">
  <properties>
[...]
</properties>
  <testcase classname="BaseHappyTest" name="setup" time="25.006">
    <failure message="It is impossible to create a new session because &apos;createSession&apos; which takes HttpClient, InputStream and long was not found or it is not accessible
Build info: version: &apos;3.141.59&apos;, revision: &apos;e82be7d358&apos;, time: &apos;2018-11-14T08:17:03&apos;
System info: host: &apos;snehals-MacBook-Pro.local&apos;, ip: &apos;fe80:0:0:0:ce:7fbd:918c:38a9%en0&apos;, os.name: &apos;Mac OS X&apos;, os.arch: &apos;x86_64&apos;, os.version: &apos;10.13.6&apos;, java.version: &apos;1.8.0_161&apos;
Driver info: driver.version: AndroidDriver" type="org.openqa.selenium.WebDriverException">org.openqa.selenium.WebDriverException: It is impossible to create a new session because &apos;createSession&apos; which takes HttpClient, InputStream and long was not found or it is not accessible
Build info: version: &apos;3.141.59&apos;, revision: &apos;e82be7d358&apos;, time: &apos;2018-11-14T08:17:03&apos;
System info: host: &apos;snehals-MacBook-Pro.local&apos;, ip: &apos;fe80:0:0:0:ce:7fbd:918c:38a9%en0&apos;, os.name: &apos;Mac OS X&apos;, os.arch: &apos;x86_64&apos;, os.version: &apos;10.13.6&apos;, java.version: &apos;1.8.0_161&apos;
Driver info: driver.version: AndroidDriver
	at io.appium.java_client.remote.AppiumCommandExecutor$1.createSession(AppiumCommandExecutor.java:195)
	at io.appium.java_client.remote.AppiumCommandExecutor.createSession(AppiumCommandExecutor.java:209)
	at io.appium.java_client.remote.AppiumCommandExecutor.execute(AppiumCommandExecutor.java:231)
	at org.openqa.selenium.remote.RemoteWebDriver.execute(RemoteWebDriver.java:552)
	at io.appium.java_client.DefaultGenericMobileDriver.execute(DefaultGenericMobileDriver.java:42)
	at io.appium.java_client.AppiumDriver.execute(AppiumDriver.java:1)
	at io.appium.java_client.android.AndroidDriver.execute(AndroidDriver.java:1)
	at org.openqa.selenium.remote.RemoteWebDriver.startSession(RemoteWebDriver.java:213)
	at org.openqa.selenium.remote.RemoteWebDriver.&lt;init&gt;(RemoteWebDriver.java:131)
	at io.appium.java_client.DefaultGenericMobileDriver.&lt;init&gt;(DefaultGenericMobileDriver.java:38)
	at io.appium.java_client.AppiumDriver.&lt;init&gt;(AppiumDriver.java:84)
	at io.appium.java_client.AppiumDriver.&lt;init&gt;(AppiumDriver.java:94)
	at io.appium.java_client.android.AndroidDriver.&lt;init&gt;(AndroidDriver.java:93)
	at coremodles.DriverManagers.getcaps(DriverManagers.java:35)
	at coremodles.DriverManagers.AppiumStartServer(DriverManagers.java:53)
	at BaseHappyTest.setup(BaseHappyTest.java:24)
Caused by: java.lang.reflect.InvocationTargetException
	at sun.reflect.NativeMethodAccessorImpl.invoke0(Native Method)
	at sun.reflect.NativeMethodAccessorImpl.invoke(NativeMethodAccessorImpl.java:62)
	at sun.reflect.DelegatingMethodAccessorImpl.invoke(DelegatingMethodAccessorImpl.java:43)
	at java.lang.reflect.Method.invoke(Method.java:498)
	at io.appium.java_client.remote.AppiumCommandExecutor$1.createSession(AppiumCommandExecutor.java:185)
	... 49 more
Caused by: org.openqa.selenium.WebDriverException: An unknown server-side error occurred while processing the command. Original error: Could not find a connected Android device.
Build info: version: &apos;3.141.59&apos;, revision: &apos;e82be7d358&apos;, time: &apos;2018-11-14T08:17:03&apos;
System info: host: &apos;snehals-MacBook-Pro.local&apos;, ip: &apos;fe80:0:0:0:ce:7fbd:918c:38a9%en0&apos;, os.name: &apos;Mac OS X&apos;, os.arch: &apos;x86_64&apos;, os.version: &apos;10.13.6&apos;, java.version: &apos;1.8.0_161&apos;
Driver info: driver.version: AndroidDriver
remote stacktrace: UnknownError: An unknown server-side error occurred while processing the command. Original error: Could not find a connected Android device.
    at getResponseForW3CError (/Applications/Appium.app/Contents/Resources/app/node_modules/appium/node_modules/appium-base-driver/lib/protocol/errors.js:826:9)
    at asyncHandler (/Applications/Appium.app/Contents/Resources/app/node_modules/appium/node_modules/appium-base-driver/lib/protocol/protocol.js:447:37)
	at sun.reflect.NativeConstructorAccessorImpl.newInstance0(Native Method)
	at sun.reflect.NativeConstructorAccessorImpl.newInstance(NativeConstructorAccessorImpl.java:62)
	at sun.reflect.DelegatingConstructorAccessorImpl.newInstance(DelegatingConstructorAccessorImpl.java:45)
	at java.lang.reflect.Constructor.newInstance(Constructor.java:423)
	at org.openqa.selenium.remote.W3CHandshakeResponse.lambda$errorHandler$0(W3CHandshakeResponse.java:62)
	at org.openqa.selenium.remote.HandshakeResponse.lambda$getResponseFunction$0(HandshakeResponse.java:30)
	at org.openqa.selenium.remote.ProtocolHandshake.lambda$createSession$0(ProtocolHandshake.java:126)
	at java.util.stream.ReferencePipeline$3$1.accept(ReferencePipeline.java:193)
	at java.util.Spliterators$ArraySpliterator.tryAdvance(Spliterators.java:958)
	at java.util.stream.ReferencePipeline.forEachWithCancel(ReferencePipeline.java:126)
	at java.util.stream.AbstractPipeline.copyIntoWithCancel(AbstractPipeline.java:498)
	at java.util.stream.AbstractPipeline.copyInto(AbstractPipeline.java:485)
	at java.util.stream.AbstractPipeline.wrapAndCopyInto(AbstractPipeline.java:471)
	at java.util.stream.FindOps$FindOp.evaluateSequential(FindOps.java:152)
	at java.util.stream.AbstractPipeline.evaluate(AbstractPipeline.java:234)
	at java.util.stream.ReferencePipeline.findFirst(ReferencePipeline.java:464)
	at org.openqa.selenium.remote.ProtocolHandshake.createSession(ProtocolHandshake.java:128)
	... 54 more
</failure>
    <system-out>Configuring TestNG with: org.apache.maven.surefire.testng.conf.TestNG652Configurator@3ac42916
&amp;#27;[35m[Appium]&amp;#27;[39m Welcome to Appium v1.13.0
&amp;#27;[35m[Appium]&amp;#27;[39m Non-default server args:
&amp;#27;[35m[Appium]&amp;#27;[39m   logFile: /Users/snehal/mobileWebAppium/AppiumLogFile.txt
&amp;#27;[35m[Appium]&amp;#27;[39m Appium REST http interface listener started on 0.0.0.0:4723
&amp;#27;[35m[HTTP]&amp;#27;[39m &amp;#27;[37m--&gt;&amp;#27;[39m &amp;#27;[37mGET&amp;#27;[39m &amp;#27;[37m/wd/hub/status&amp;#27;[39m
&amp;#27;[35m[HTTP]&amp;#27;[39m &amp;#27;[90m{}&amp;#27;[39m
[debug] &amp;#27;[35m[GENERIC]&amp;#27;[39m Calling AppiumDriver.getStatus() with args: []
[debug] &amp;#27;[35m[GENERIC]&amp;#27;[39m Responding to client with driver.getStatus() result: {&quot;build&quot;:{&quot;version&quot;:&quot;1.13.0&quot;}}
&amp;#27;[35m[HTTP]&amp;#27;[39m &amp;#27;[37m&lt;-- GET /wd/hub/status &amp;#27;[39m&amp;#27;[32m200&amp;#27;[39m &amp;#27;[90m15 ms - 68&amp;#27;[39m
&amp;#27;[35m[HTTP]&amp;#27;[39m &amp;#27;[90m&amp;#27;[39m
http://0.0.0.0:4723/wd/hub
&amp;#27;[35m[HTTP]&amp;#27;[39m &amp;#27;[37m--&gt;&amp;#27;[39m &amp;#27;[37mPOST&amp;#27;[39m &amp;#27;[37m/wd/hub/session&amp;#27;[39m
&amp;#27;[35m[HTTP]&amp;#27;[39m &amp;#27;[90m{&quot;desiredCapabilities&quot;:{&quot;noReset&quot;:true,&quot;platformVersion&quot;:&quot;8.1.0&quot;,&quot;automationName&quot;:&quot;UiAutomator2&quot;,&quot;browserName&quot;:&quot;Chrome&quot;,&quot;platformName&quot;:&quot;Android&quot;,&quot;deviceName&quot;:&quot;ZY3222CJF8&quot;},&quot;capabilities&quot;:{&quot;alwaysMatch&quot;:{&quot;appium:automationName&quot;:&quot;UiAutomator2&quot;,&quot;browserName&quot;:&quot;Chrome&quot;,&quot;appium:deviceName&quot;:&quot;ZY3222CJF8&quot;,&quot;appium:noReset&quot;:true,&quot;platformName&quot;:&quot;android&quot;,&quot;appium:platformVersion&quot;:&quot;8.1.0&quot;},&quot;firstMatch&quot;:[{}]}}&amp;#27;[39m
[debug] &amp;#27;[35m[W3C]&amp;#27;[39m Calling AppiumDriver.createSession() with args: [{&quot;noReset&quot;:true,&quot;platformVersion&quot;:&quot;8.1.0&quot;,&quot;automationName&quot;:&quot;UiAutomator2&quot;,&quot;browserName&quot;:&quot;Chrome&quot;,&quot;platformName&quot;:&quot;Android&quot;,&quot;deviceName&quot;:&quot;ZY3222CJF8&quot;},null,{&quot;alwaysMatch&quot;:{&quot;appium:automationName&quot;:&quot;UiAutomator2&quot;,&quot;browserName&quot;:&quot;Chrome&quot;,&quot;appium:deviceName&quot;:&quot;ZY3222CJF8&quot;,&quot;appium:noReset&quot;:true,&quot;platformName&quot;:&quot;android&quot;,&quot;appium:platformVersion&quot;:&quot;8.1.0&quot;},&quot;firstMatch&quot;:[{}]}]
[debug] &amp;#27;[35m[BaseDriver]&amp;#27;[39m Event &apos;newSessionRequested&apos; logged at 1563276607648 (17:00:07 GMT+0530 (India Standard Time))
&amp;#27;[35m[Appium]&amp;#27;[39m Appium v1.13.0 creating new AndroidUiautomator2Driver (v1.33.1) session
&amp;#27;[35m[Appium]&amp;#27;[39m Capabilities:
&amp;#27;[35m[Appium]&amp;#27;[39m   browserName: Chrome
&amp;#27;[35m[Appium]&amp;#27;[39m   platformName: android
&amp;#27;[35m[Appium]&amp;#27;[39m   automationName: UiAutomator2
&amp;#27;[35m[Appium]&amp;#27;[39m   deviceName: ZY3222CJF8
&amp;#27;[35m[Appium]&amp;#27;[39m   noReset: true
&amp;#27;[35m[Appium]&amp;#27;[39m   platformVersion: 8.1.0
[debug] &amp;#27;[35m[BaseDriver]&amp;#27;[39m W3C capabilities {&quot;alwaysMatch&quot;:{&quot;browserNam... and MJSONWP desired capabilities {&quot;noReset&quot;:true,&quot;platformVe... were provided
[debug] &amp;#27;[35m[BaseDriver]&amp;#27;[39m Creating session with W3C capabilities: {&quot;alwaysMatch&quot;:{&quot;browserNam...
&amp;#27;[35m[BaseDriver]&amp;#27;[39m Session created with session id: 1f2b4132-7601-45ae-89f0-a8929b335332
&amp;#27;[35m[UiAutomator2]&amp;#27;[39m We&apos;re going to run a Chrome-based session
&amp;#27;[35m[UiAutomator2]&amp;#27;[39m Chrome-type package and activity are com.android.chrome and com.google.android.apps.chrome.Main
&amp;#27;[35m[ADB]&amp;#27;[39m Found 1 &apos;build-tools&apos; folders under &apos;/Users/snehal/Library/Android/sdk&apos; (newest first):
&amp;#27;[35m[ADB]&amp;#27;[39m     /Users/snehal/Library/Android/sdk/build-tools/27.0.3
&amp;#27;[35m[ADB]&amp;#27;[39m Using &apos;adb&apos; from &apos;/Users/snehal/Library/Android/sdk/platform-tools/adb&apos;
&amp;#27;[35m[AndroidDriver]&amp;#27;[39m Retrieving device list
[debug] &amp;#27;[35m[ADB]&amp;#27;[39m Trying to find a connected android device
[debug] &amp;#27;[35m[ADB]&amp;#27;[39m Getting connected devices...
[debug] &amp;#27;[35m[ADB]&amp;#27;[39m 0 device(s) connected
[debug] &amp;#27;[35m[ADB]&amp;#27;[39m Could not find devices, restarting adb server...
[debug] &amp;#27;[35m[ADB]&amp;#27;[39m Restarting adb
[debug] &amp;#27;[35m[ADB]&amp;#27;[39m Killing adb server on port 5037
[debug] &amp;#27;[35m[ADB]&amp;#27;[39m Getting connected devices...
[debug] &amp;#27;[35m[ADB]&amp;#27;[39m 0 device(s) connected
[debug] &amp;#27;[35m[ADB]&amp;#27;[39m Could not find devices, restarting adb server...
[debug] &amp;#27;[35m[ADB]&amp;#27;[39m Restarting adb
[debug] &amp;#27;[35m[ADB]&amp;#27;[39m Killing adb server on port 5037
[debug] &amp;#27;[35m[ADB]&amp;#27;[39m Getting connected devices...
[debug] &amp;#27;[35m[ADB]&amp;#27;[39m 0 device(s) connected
[debug] &amp;#27;[35m[ADB]&amp;#27;[39m Could not find devices, restarting adb server...
[debug] &amp;#27;[35m[ADB]&amp;#27;[39m Restarting adb
[debug] &amp;#27;[35m[ADB]&amp;#27;[39m Killing adb server on port 5037
[debug] &amp;#27;[35m[ADB]&amp;#27;[39m Getting connected devices...
[debug] &amp;#27;[35m[ADB]&amp;#27;[39m 0 device(s) connected
[debug] &amp;#27;[35m[ADB]&amp;#27;[39m Could not find devices, restarting adb server...
[debug] &amp;#27;[35m[ADB]&amp;#27;[39m Restarting adb
[debug] &amp;#27;[35m[ADB]&amp;#27;[39m Killing adb server on port 5037
[debug] &amp;#27;[35m[ADB]&amp;#27;[39m Getting connected devices...
[debug] &amp;#27;[35m[ADB]&amp;#27;[39m 0 device(s) connected
[debug] &amp;#27;[35m[ADB]&amp;#27;[39m Could not find devices, restarting adb server...
[debug] &amp;#27;[35m[ADB]&amp;#27;[39m Restarting adb
[debug] &amp;#27;[35m[ADB]&amp;#27;[39m Killing adb server on port 5037
[debug] &amp;#27;[35m[ADB]&amp;#27;[39m Getting connected devices...
[debug] &amp;#27;[35m[ADB]&amp;#27;[39m 0 device(s) connected
[debug] &amp;#27;[35m[ADB]&amp;#27;[39m Could not find devices, restarting adb server...
[debug] &amp;#27;[35m[ADB]&amp;#27;[39m Restarting adb
[debug] &amp;#27;[35m[ADB]&amp;#27;[39m Killing adb server on port 5037
[debug] &amp;#27;[35m[ADB]&amp;#27;[39m Could not find devices, restarting adb server...
[debug] &amp;#27;[35m[ADB]&amp;#27;[39m Restarting adb
[debug] &amp;#27;[35m[ADB]&amp;#27;[39m Killing adb server on port 5037
[debug] &amp;#27;[35m[ADB]&amp;#27;[39m Could not find devices, restarting adb server...
[debug] &amp;#27;[35m[ADB]&amp;#27;[39m Restarting adb
[debug] &amp;#27;[35m[ADB]&amp;#27;[39m Killing adb server on port 5037
[debug] &amp;#27;[35m[ADB]&amp;#27;[39m Could not find devices, restarting adb server...
[debug] &amp;#27;[35m[ADB]&amp;#27;[39m Restarting adb
[debug] &amp;#27;[35m[ADB]&amp;#27;[39m Killing adb server on port 5037
[debug] &amp;#27;[35m[ADB]&amp;#27;[39m Could not find devices, restarting adb server...
[debug] &amp;#27;[35m[ADB]&amp;#27;[39m Restarting adb
[debug] &amp;#27;[35m[ADB]&amp;#27;[39m Killing adb server on port 5037
[debug] &amp;#27;[35m[ADB]&amp;#27;[39m Could not find devices, restarting adb server...
[debug] &amp;#27;[35m[ADB]&amp;#27;[39m Restarting adb
[debug] &amp;#27;[35m[ADB]&amp;#27;[39m Killing adb server on port 5037
[debug] &amp;#27;[35m[ADB]&amp;#27;[39m Could not find devices, restarting adb server...
[debug] &amp;#27;[35m[ADB]&amp;#27;[39m Restarting adb
[debug] &amp;#27;[35m[ADB]&amp;#27;[39m Killing adb server on port 5037
[debug] &amp;#27;[35m[UiAutomator2]&amp;#27;[39m Deleting UiAutomator2 session
[debug] &amp;#27;[35m[BaseDriver]&amp;#27;[39m Event &apos;newSessionStarted&apos; logged at 1563276629734 (17:00:29 GMT+0530 (India Standard Time))
[debug] &amp;#27;[35m[W3C]&amp;#27;[39m Encountered internal error running command: Error: Could not find a connected Android device.
[debug] &amp;#27;[35m[W3C]&amp;#27;[39m     at /Applications/Appium.app/Contents/Resources/app/node_modules/appium/node_modules/appium-adb/lib/tools/system-calls.js:199:13
[debug] &amp;#27;[35m[W3C]&amp;#27;[39m     at Generator.next (&lt;anonymous&gt;)
[debug] &amp;#27;[35m[W3C]&amp;#27;[39m     at asyncGeneratorStep (/Applications/Appium.app/Contents/Resources/app/node_modules/appium/node_modules/@babel/runtime/helpers/asyncToGenerator.js:3:24)
[debug] &amp;#27;[35m[W3C]&amp;#27;[39m     at _next (/Applications/Appium.app/Contents/Resources/app/node_modules/appium/node_modules/@babel/runtime/helpers/asyncToGenerator.js:25:9)
[debug] &amp;#27;[35m[W3C]&amp;#27;[39m     at /Applications/Appium.app/Contents/Resources/app/node_modules/appium/node_modules/@babel/runtime/helpers/asyncToGenerator.js:32:7
[debug] &amp;#27;[35m[W3C]&amp;#27;[39m     at new Promise (&lt;anonymous&gt;)
[debug] &amp;#27;[35m[W3C]&amp;#27;[39m     at /Applications/Appium.app/Contents/Resources/app/node_modules/appium/node_modules/@babel/runtime/helpers/asyncToGenerator.js:21:12
[debug] &amp;#27;[35m[W3C]&amp;#27;[39m     at getDevices (/Applications/Appium.app/Contents/Resources/app/node_modules/appium/node_modules/appium-adb/lib/tools/system-calls.js:197:17)
[debug] &amp;#27;[35m[W3C]&amp;#27;[39m     at getDevices (/Applications/Appium.app/Contents/Resources/app/node_modules/appium/node_modules/appium-adb/lib/tools/system-calls.js:216:20)
[debug] &amp;#27;[35m[W3C]&amp;#27;[39m     at Generator.next (&lt;anonymous&gt;)
[debug] &amp;#27;[35m[W3C]&amp;#27;[39m     at asyncGeneratorStep (/Applications/Appium.app/Contents/Resources/app/node_modules/appium/node_modules/@babel/runtime/helpers/asyncToGenerator.js:3:24)
[debug] &amp;#27;[35m[W3C]&amp;#27;[39m     at _next (/Applications/Appium.app/Contents/Resources/app/node_modules/appium/node_modules/@babel/runtime/helpers/asyncToGenerator.js:25:9)
&amp;#27;[35m[HTTP]&amp;#27;[39m &amp;#27;[37m&lt;-- POST /wd/hub/session &amp;#27;[39m&amp;#27;[31m500&amp;#27;[39m &amp;#27;[90m22249 ms - 647&amp;#27;[39m
&amp;#27;[35m[HTTP]&amp;#27;[39m &amp;#27;[90m&amp;#27;[39m
</system-out>
  </testcase>
  <testcase classname="BaseHappyTest" name="test" time="0.002">
    <skipped/>
  </testcase>
</testsuite>